Determining if the pthread_create exist failed with the following output:
Change Dir: /home/toilab/toibot_ws/build/CMakeFiles/CMakeTmp

Run Build Command:"/usr/bin/make" "cmTC_f8a7b/fast"
/usr/bin/make -f CMakeFiles/cmTC_f8a7b.dir/build.make CMakeFiles/cmTC_f8a7b.dir/build
make[1]: Entering directory '/home/toilab/toibot_ws/build/CMakeFiles/CMakeTmp'
Building C object CMakeFiles/cmTC_f8a7b.dir/CheckSymbolExists.c.o
/usr/bin/cc    -o CMakeFiles/cmTC_f8a7b.dir/CheckSymbolExists.c.o   -c /home/toilab/toibot_ws/build/CMakeFiles/CMakeTmp/CheckSymbolExists.c
Linking C executable cmTC_f8a7b
/usr/bin/cmake -E cmake_link_script CMakeFiles/cmTC_f8a7b.dir/link.txt --verbose=1
/usr/bin/cc      -rdynamic CMakeFiles/cmTC_f8a7b.dir/CheckSymbolExists.c.o  -o cmTC_f8a7b 
CMakeFiles/cmTC_f8a7b.dir/CheckSymbolExists.c.o: In function `main':
CheckSymbolExists.c:(.text+0x1b): undefined reference to `pthread_create'
collect2: error: ld returned 1 exit status
CMakeFiles/cmTC_f8a7b.dir/build.make:97: recipe for target 'cmTC_f8a7b' failed
make[1]: *** [cmTC_f8a7b] Error 1
make[1]: Leaving directory '/home/toilab/toibot_ws/build/CMakeFiles/CMakeTmp'
Makefile:126: recipe for target 'cmTC_f8a7b/fast' failed
make: *** [cmTC_f8a7b/fast] Error 2

File /home/toilab/toibot_ws/build/CMakeFiles/CMakeTmp/CheckSymbolExists.c:
/* */
#include <pthread.h>

int main(int argc, char** argv)
{
  (void)argv;
#ifndef pthread_create
  return ((int*)(&pthread_create))[argc];
#else
  (void)argc;
  return 0;
#endif
}

Determining if the function pthread_create exists in the pthreads failed with the following output:
Change Dir: /home/toilab/toibot_ws/build/CMakeFiles/CMakeTmp

Run Build Command:"/usr/bin/make" "cmTC_cfbf2/fast"
/usr/bin/make -f CMakeFiles/cmTC_cfbf2.dir/build.make CMakeFiles/cmTC_cfbf2.dir/build
make[1]: Entering directory '/home/toilab/toibot_ws/build/CMakeFiles/CMakeTmp'
Building C object CMakeFiles/cmTC_cfbf2.dir/CheckFunctionExists.c.o
/usr/bin/cc   -DCHECK_FUNCTION_EXISTS=pthread_create   -o CMakeFiles/cmTC_cfbf2.dir/CheckFunctionExists.c.o   -c /usr/share/cmake-3.10/Modules/CheckFunctionExists.c
Linking C executable cmTC_cfbf2
/usr/bin/cmake -E cmake_link_script CMakeFiles/cmTC_cfbf2.dir/link.txt --verbose=1
/usr/bin/cc  -DCHECK_FUNCTION_EXISTS=pthread_create    -rdynamic CMakeFiles/cmTC_cfbf2.dir/CheckFunctionExists.c.o  -o cmTC_cfbf2 -lpthreads 
/usr/bin/ld: cannot find -lpthreads
collect2: error: ld returned 1 exit status
CMakeFiles/cmTC_cfbf2.dir/build.make:97: recipe for target 'cmTC_cfbf2' failed
make[1]: *** [cmTC_cfbf2] Error 1
make[1]: Leaving directory '/home/toilab/toibot_ws/build/CMakeFiles/CMakeTmp'
Makefile:126: recipe for target 'cmTC_cfbf2/fast' failed
make: *** [cmTC_cfbf2/fast] Error 2


Determining if the function sgesv exists failed with the following output:
Change Dir: /home/toilab/toibot_ws/build/CMakeFiles/CMakeTmp

Run Build Command:"/usr/bin/make" "cmTC_875bb/fast"
make[1]: Entering directory '/home/toilab/toibot_ws/build/CMakeFiles/CMakeTmp'
/usr/bin/make -f CMakeFiles/cmTC_875bb.dir/build.make CMakeFiles/cmTC_875bb.dir/build
make[2]: Entering directory '/home/toilab/toibot_ws/build/CMakeFiles/CMakeTmp'
Building C object CMakeFiles/cmTC_875bb.dir/CheckFunctionExists.c.o
/usr/bin/cc   -DCHECK_FUNCTION_EXISTS=sgesv -fPIE   -o CMakeFiles/cmTC_875bb.dir/CheckFunctionExists.c.o   -c /usr/share/cmake-3.10/Modules/CheckFunctionExists.c
Linking C executable cmTC_875bb
/usr/bin/cmake -E cmake_link_script CMakeFiles/cmTC_875bb.dir/link.txt --verbose=1
/usr/bin/cc  -DCHECK_FUNCTION_EXISTS=sgesv    -rdynamic CMakeFiles/cmTC_875bb.dir/CheckFunctionExists.c.o  -o cmTC_875bb /usr/lib/x86_64-linux-gnu/liblapack.so 
CMakeFiles/cmTC_875bb.dir/CheckFunctionExists.c.o: In function `main':
CheckFunctionExists.c:(.text+0x10): undefined reference to `sgesv'
collect2: error: ld returned 1 exit status
CMakeFiles/cmTC_875bb.dir/build.make:98: recipe for target 'cmTC_875bb' failed
make[2]: *** [cmTC_875bb] Error 1
make[2]: Leaving directory '/home/toilab/toibot_ws/build/CMakeFiles/CMakeTmp'
Makefile:126: recipe for target 'cmTC_875bb/fast' failed
make[1]: *** [cmTC_875bb/fast] Error 2
make[1]: Leaving directory '/home/toilab/toibot_ws/build/CMakeFiles/CMakeTmp'


